Using pre-set license
Built from '2020.3/release' branch; Version is '2020.3.2f1 (8fd9074bf66c) revision 9427207'; Using compiler version '192528614'; Build Type 'Release'
OS: 'Windows 10 Pro; OS build 19042.928; Version 2009; 64bit' Language: 'es' Physical Memory: 16249 MB
BatchMode: 1, IsHumanControllingUs: 0, StartBugReporterOnCrash: 0, Is64bit: 1, IsPro: 0

 COMMAND LINE ARGUMENTS:
C:\Program Files\Unity\Hub\Editor\2020.3.2f1\Editor\Unity.exe
-adb2
-batchMode
-noUpm
-name
AssetImportWorker0
-projectPath
C:/Tecnoaprendo/15. Blender/Taller Verano 2021/Miguel Verdera/New Unity Project (1)
-logFile
Logs/AssetImportWorker0.log
-srvPort
51719
Successfully changed project path to: C:/Tecnoaprendo/15. Blender/Taller Verano 2021/Miguel Verdera/New Unity Project (1)
C:/Tecnoaprendo/15. Blender/Taller Verano 2021/Miguel Verdera/New Unity Project (1)
Using Asset Import Pipeline V2.
Refreshing native plugins compatible for Editor in 43.91 ms, found 1 plugins.
Preloading 0 native plugins for Editor in 0.00 ms.
Initialize engine version: 2020.3.2f1 (8fd9074bf66c)
[Subsystems] Discovering subsystems at path C:/Program Files/Unity/Hub/Editor/2020.3.2f1/Editor/Data/Resources/UnitySubsystems
[Subsystems] Discovering subsystems at path C:/Tecnoaprendo/15. Blender/Taller Verano 2021/Miguel Verdera/New Unity Project (1)/Assets
GfxDevice: creating device client; threaded=0
Direct3D:
    Version:  Direct3D 11.0 [level 11.1]
    Renderer: NVIDIA GeForce GTX 1060 3GB (ID=0x1c02)
    Vendor:   
    VRAM:     2988 MB
    Driver:   26.21.14.3630
Initialize mono
Mono path[0] = 'C:/Program Files/Unity/Hub/Editor/2020.3.2f1/Editor/Data/Managed'
Mono path[1] = 'C:/Program Files/Unity/Hub/Editor/2020.3.2f1/Editor/Data/MonoBleedingEdge/lib/mono/unityjit'
Mono config path = 'C:/Program Files/Unity/Hub/Editor/2020.3.2f1/Editor/Data/MonoBleedingEdge/etc'
Using monoOptions --debugger-agent=transport=dt_socket,embedding=1,server=y,suspend=n,address=127.0.0.1:56348
Begin MonoManager ReloadAssembly
Registering precompiled unity dll's ...
Register platform support module: C:/Program Files/Unity/Hub/Editor/2020.3.2f1/Editor/Data/PlaybackEngines/WindowsStandaloneSupport/UnityEditor.WindowsStandalone.Extensions.dll
Registered in 0.002703 seconds.
Native extension for WindowsStandalone target not found
Refreshing native plugins compatible for Editor in 50.98 ms, found 1 plugins.
Preloading 0 native plugins for Editor in 0.00 ms.
Invoked RoslynAnalysisRunner static constructor.
RoslynAnalysisRunner will not be running.
RoslynAnalysisRunner has terminated.
Mono: successfully reloaded assembly
- Completed reload, in  1.515 seconds
Platform modules already initialized, skipping
Registering precompiled user dll's ...
Registered in 0.001811 seconds.
Begin MonoManager ReloadAssembly
Native extension for WindowsStandalone target not found
Refreshing native plugins compatible for Editor in 109.04 ms, found 1 plugins.
Preloading 0 native plugins for Editor in 0.00 ms.
Invoked RoslynAnalysisRunner static constructor.
RoslynAnalysisRunner will not be running.
RoslynAnalysisRunner has terminated.
Mono: successfully reloaded assembly
- Completed reload, in  1.290 seconds
Platform modules already initialized, skipping
========================================================================
Worker process is ready to serve import requests
Launched and connected shader compiler UnityShaderCompiler.exe after 0.12 seconds
Refreshing native plugins compatible for Editor in 0.67 ms, found 1 plugins.
Preloading 0 native plugins for Editor in 0.00 ms.
Unloading 2105 Unused Serialized files (Serialized files now loaded: 0)
System memory in use before: 96.3 MB.
System memory in use after: 96.2 MB.

Unloading 26 unused Assets to reduce memory usage. Loaded Objects now: 2549.
Total: 5.462500 ms (FindLiveObjects: 0.770900 ms CreateObjectMapping: 0.496000 ms MarkObjects: 3.949300 ms  DeleteObjects: 0.244000 ms)

========================================================================
Received Import Request.
  path: Assets/Scripts/PlayerScript.cs
  artifactKey: Guid(cac99f7867dafab4b941e2bd52f21e33) Importer(815301076,1909f56bfc062723c751e8b465ee728b)
Start importing Assets/Scripts/PlayerScript.cs using Guid(cac99f7867dafab4b941e2bd52f21e33) Importer(815301076,1909f56bfc062723c751e8b465ee728b)  -> (artifact id: '70ab39fe9b59ebe6400bc3fba226e5aa') in 0.039749 seconds
  Import took 0.044735 seconds .

========================================================================
Received Prepare
Registering precompiled user dll's ...
Registered in 0.000994 seconds.
Begin MonoManager ReloadAssembly
Native extension for WindowsStandalone target not found
Refreshing native plugins compatible for Editor in 0.72 ms, found 1 plugins.
Preloading 0 native plugins for Editor in 0.00 ms.
Invoked RoslynAnalysisRunner static constructor.
RoslynAnalysisRunner will not be running.
RoslynAnalysisRunner has terminated.
Mono: successfully reloaded assembly
- Completed reload, in  1.031 seconds
Platform modules already initialized, skipping
Refreshing native plugins compatible for Editor in 0.44 ms, found 1 plugins.
Preloading 0 native plugins for Editor in 0.00 ms.
Unloading 2100 Unused Serialized files (Serialized files now loaded: 0)
System memory in use before: 96.4 MB.
System memory in use after: 96.4 MB.

Unloading 12 unused Assets to reduce memory usage. Loaded Objects now: 2553.
Total: 3.050800 ms (FindLiveObjects: 0.357400 ms CreateObjectMapping: 0.206900 ms MarkObjects: 2.353500 ms  DeleteObjects: 0.131800 ms)

========================================================================
Received Import Request.
  Time since last request: 1540.497807 seconds.
  path: Assets/Sprites/Bala.png
  artifactKey: Guid(a7e0691b20f4764479fd43b9d184baa2) Importer(815301076,1909f56bfc062723c751e8b465ee728b)
Start importing Assets/Sprites/Bala.png using Guid(a7e0691b20f4764479fd43b9d184baa2) Importer(815301076,1909f56bfc062723c751e8b465ee728b)  -> (artifact id: '92cd7ae9c48978a9e67a5aba20144ef6') in 0.097576 seconds
  Import took 0.104129 seconds .

========================================================================
Received Import Request.
  Time since last request: 5.919559 seconds.
  path: Assets/Sprites/Bala.png
  artifactKey: Guid(a7e0691b20f4764479fd43b9d184baa2) Importer(815301076,1909f56bfc062723c751e8b465ee728b)
Start importing Assets/Sprites/Bala.png using Guid(a7e0691b20f4764479fd43b9d184baa2) Importer(815301076,1909f56bfc062723c751e8b465ee728b)  -> (artifact id: '335b0ade45a73b276152225c629fa29b') in 0.014939 seconds
  Import took 0.019357 seconds .

========================================================================
Received Import Request.
  Time since last request: 109.049103 seconds.
  path: Assets/Sprites/Bala2.0.png
  artifactKey: Guid(2349a29bbff6b8f40907dbe02bdbb499) Importer(815301076,1909f56bfc062723c751e8b465ee728b)
Start importing Assets/Sprites/Bala2.0.png using Guid(2349a29bbff6b8f40907dbe02bdbb499) Importer(815301076,1909f56bfc062723c751e8b465ee728b)  -> (artifact id: '6a816c739f8a6fabf9319ef4350efab9') in 0.020118 seconds
  Import took 0.025744 seconds .

========================================================================
Received Import Request.
  Time since last request: 0.001135 seconds.
  path: Assets/Sprites/Bala2.0.png
  artifactKey: Guid(2349a29bbff6b8f40907dbe02bdbb499) Importer(815301076,1909f56bfc062723c751e8b465ee728b)
Start importing Assets/Sprites/Bala2.0.png using Guid(2349a29bbff6b8f40907dbe02bdbb499) Importer(815301076,1909f56bfc062723c751e8b465ee728b)  -> (artifact id: '6a816c739f8a6fabf9319ef4350efab9') in 0.015514 seconds
  Import took 0.021334 seconds .

========================================================================
Received Import Request.
  Time since last request: 57.949831 seconds.
  path: Assets/Sprites/Bala3.0.png
  artifactKey: Guid(2b0c7c222fed22144bcf453d6a12261d) Importer(815301076,1909f56bfc062723c751e8b465ee728b)
Start importing Assets/Sprites/Bala3.0.png using Guid(2b0c7c222fed22144bcf453d6a12261d) Importer(815301076,1909f56bfc062723c751e8b465ee728b)  -> (artifact id: '4e844f797986792b1dee4048b4d22b1f') in 0.018281 seconds
  Import took 0.023720 seconds .

========================================================================
Received Import Request.
  Time since last request: 144.901895 seconds.
  path: Assets/Sprites/Bala4.0.png
  artifactKey: Guid(89d00b3087eca454fb8f37b11abc54c6) Importer(815301076,1909f56bfc062723c751e8b465ee728b)
Start importing Assets/Sprites/Bala4.0.png using Guid(89d00b3087eca454fb8f37b11abc54c6) Importer(815301076,1909f56bfc062723c751e8b465ee728b)  -> (artifact id: '2afd55b61cba2686dbd7f7dceb5f2216') in 0.020365 seconds
  Import took 0.026731 seconds .

========================================================================
Received Import Request.
  Time since last request: 0.001578 seconds.
  path: Assets/Sprites/Bala4.0.png
  artifactKey: Guid(89d00b3087eca454fb8f37b11abc54c6) Importer(815301076,1909f56bfc062723c751e8b465ee728b)
Start importing Assets/Sprites/Bala4.0.png using Guid(89d00b3087eca454fb8f37b11abc54c6) Importer(815301076,1909f56bfc062723c751e8b465ee728b)  -> (artifact id: '2afd55b61cba2686dbd7f7dceb5f2216') in 0.017063 seconds
  Import took 0.021923 seconds .

========================================================================
Received Import Request.
  Time since last request: 52.116888 seconds.
  path: Assets/Sprites/Bala3.0.png
  artifactKey: Guid(2b0c7c222fed22144bcf453d6a12261d) Importer(815301076,1909f56bfc062723c751e8b465ee728b)
Start importing Assets/Sprites/Bala3.0.png using Guid(2b0c7c222fed22144bcf453d6a12261d) Importer(815301076,1909f56bfc062723c751e8b465ee728b)  -> (artifact id: 'fdae293b695ac764d8e4dcd47aeaf320') in 0.018765 seconds
  Import took 0.024899 seconds .

========================================================================
Received Import Request.
  Time since last request: 87.156397 seconds.
  path: Assets/Sprites/Bullet.png
  artifactKey: Guid(2b0c7c222fed22144bcf453d6a12261d) Importer(815301076,1909f56bfc062723c751e8b465ee728b)
Start importing Assets/Sprites/Bullet.png using Guid(2b0c7c222fed22144bcf453d6a12261d) Importer(815301076,1909f56bfc062723c751e8b465ee728b)  -> (artifact id: '798bae1b6e4486749c8f576f8d564be2') in 0.019676 seconds
  Import took 0.024703 seconds .

========================================================================
Received Import Request.
  Time since last request: 6.173852 seconds.
  path: Assets/Sprites/Bullet.png
  artifactKey: Guid(2b0c7c222fed22144bcf453d6a12261d) Importer(815301076,1909f56bfc062723c751e8b465ee728b)
Start importing Assets/Sprites/Bullet.png using Guid(2b0c7c222fed22144bcf453d6a12261d) Importer(815301076,1909f56bfc062723c751e8b465ee728b)  -> (artifact id: '0e106d1a641e5c713ae8ad0587090dc7') in 0.016109 seconds
  Import took 0.020977 seconds .

========================================================================
Received Import Request.
  Time since last request: 506.694338 seconds.
  path: Assets/Scripts/BulletScript.cs
  artifactKey: Guid(d7812f4d894d5d94d8047bec96b7d062) Importer(815301076,1909f56bfc062723c751e8b465ee728b)
Start importing Assets/Scripts/BulletScript.cs using Guid(d7812f4d894d5d94d8047bec96b7d062) Importer(815301076,1909f56bfc062723c751e8b465ee728b)  -> (artifact id: '7db3c4d62ab34090e46fb9eb78a01978') in 0.011224 seconds
  Import took 0.015579 seconds .

========================================================================
Received Prepare
Registering precompiled user dll's ...
Registered in 0.001532 seconds.
Begin MonoManager ReloadAssembly
Native extension for WindowsStandalone target not found
Refreshing native plugins compatible for Editor in 0.45 ms, found 1 plugins.
Preloading 0 native plugins for Editor in 0.00 ms.
Invoked RoslynAnalysisRunner static constructor.
RoslynAnalysisRunner will not be running.
RoslynAnalysisRunner has terminated.
Mono: successfully reloaded assembly
- Completed reload, in  0.940 seconds
Platform modules already initialized, skipping
Refreshing native plugins compatible for Editor in 0.40 ms, found 1 plugins.
Preloading 0 native plugins for Editor in 0.00 ms.
Unloading 2101 Unused Serialized files (Serialized files now loaded: 0)
System memory in use before: 99.4 MB.
System memory in use after: 99.4 MB.

Unloading 12 unused Assets to reduce memory usage. Loaded Objects now: 2570.
Total: 2.294900 ms (FindLiveObjects: 0.211300 ms CreateObjectMapping: 0.084300 ms MarkObjects: 1.860600 ms  DeleteObjects: 0.137600 ms)

========================================================================
Received Import Request.
  Time since last request: 822.541800 seconds.
  path: Assets/Scripts/BulletScript.cs
  artifactKey: Guid(d7812f4d894d5d94d8047bec96b7d062) Importer(815301076,1909f56bfc062723c751e8b465ee728b)
Start importing Assets/Scripts/BulletScript.cs using Guid(d7812f4d894d5d94d8047bec96b7d062) Importer(815301076,1909f56bfc062723c751e8b465ee728b)  -> (artifact id: 'abd717755cb438cca5353c8d0a9764d5') in 0.012394 seconds
  Import took 0.017812 seconds .

========================================================================
Received Prepare
Registering precompiled user dll's ...
Registered in 0.001874 seconds.
Begin MonoManager ReloadAssembly
Native extension for WindowsStandalone target not found
Refreshing native plugins compatible for Editor in 0.54 ms, found 1 plugins.
Preloading 0 native plugins for Editor in 0.00 ms.
Invoked RoslynAnalysisRunner static constructor.
RoslynAnalysisRunner will not be running.
RoslynAnalysisRunner has terminated.
Mono: successfully reloaded assembly
- Completed reload, in  0.919 seconds
Platform modules already initialized, skipping
Refreshing native plugins compatible for Editor in 0.43 ms, found 1 plugins.
Preloading 0 native plugins for Editor in 0.00 ms.
Unloading 2101 Unused Serialized files (Serialized files now loaded: 0)
System memory in use before: 99.4 MB.
System memory in use after: 99.4 MB.

Unloading 12 unused Assets to reduce memory usage. Loaded Objects now: 2574.
Total: 3.030100 ms (FindLiveObjects: 0.319500 ms CreateObjectMapping: 0.183800 ms MarkObjects: 2.375200 ms  DeleteObjects: 0.150200 ms)

========================================================================
Received Import Request.
  Time since last request: 1083.628375 seconds.
  path: Assets/Scripts/BulletScript.cs
  artifactKey: Guid(d7812f4d894d5d94d8047bec96b7d062) Importer(815301076,1909f56bfc062723c751e8b465ee728b)
Start importing Assets/Scripts/BulletScript.cs using Guid(d7812f4d894d5d94d8047bec96b7d062) Importer(815301076,1909f56bfc062723c751e8b465ee728b)  -> (artifact id: '562a9b9001d1a72edf5e769c43b7eeb3') in 0.007960 seconds
  Import took 0.012075 seconds .

========================================================================
Received Import Request.
  Time since last request: 0.000697 seconds.
  path: Assets/Scripts/BulletScript.cs
  artifactKey: Guid(d7812f4d894d5d94d8047bec96b7d062) Importer(815301076,1909f56bfc062723c751e8b465ee728b)
Start importing Assets/Scripts/BulletScript.cs using Guid(d7812f4d894d5d94d8047bec96b7d062) Importer(815301076,1909f56bfc062723c751e8b465ee728b)  -> (artifact id: '562a9b9001d1a72edf5e769c43b7eeb3') in 0.002347 seconds
  Import took 0.006898 seconds .

========================================================================
Received Prepare
Registering precompiled user dll's ...
Registered in 0.001157 seconds.
Begin MonoManager ReloadAssembly
Native extension for WindowsStandalone target not found
Refreshing native plugins compatible for Editor in 0.73 ms, found 1 plugins.
Preloading 0 native plugins for Editor in 0.00 ms.
Invoked RoslynAnalysisRunner static constructor.
RoslynAnalysisRunner will not be running.
RoslynAnalysisRunner has terminated.
Mono: successfully reloaded assembly
- Completed reload, in  0.912 seconds
Platform modules already initialized, skipping
Refreshing native plugins compatible for Editor in 0.41 ms, found 1 plugins.
Preloading 0 native plugins for Editor in 0.00 ms.
Unloading 2101 Unused Serialized files (Serialized files now loaded: 0)
System memory in use before: 99.5 MB.
System memory in use after: 99.4 MB.

Unloading 12 unused Assets to reduce memory usage. Loaded Objects now: 2578.
Total: 2.474100 ms (FindLiveObjects: 0.202000 ms CreateObjectMapping: 0.077000 ms MarkObjects: 2.054500 ms  DeleteObjects: 0.139600 ms)

========================================================================
Received Import Request.
  Time since last request: 97.886696 seconds.
  path: Assets/Prefabs/Bullet.prefab
  artifactKey: Guid(b0ed2466aa6291d46803ea4e5e8e2c28) Importer(815301076,1909f56bfc062723c751e8b465ee728b)
Start importing Assets/Prefabs/Bullet.prefab using Guid(b0ed2466aa6291d46803ea4e5e8e2c28) Importer(815301076,1909f56bfc062723c751e8b465ee728b)  -> (artifact id: '3a0ecbac1ec57133a6afb78098c7731b') in 0.067636 seconds
  Import took 0.071967 seconds .

========================================================================
Received Import Request.
  Time since last request: 83.550421 seconds.
  path: Assets/Prefabs/Bullet.prefab
  artifactKey: Guid(b0ed2466aa6291d46803ea4e5e8e2c28) Importer(815301076,1909f56bfc062723c751e8b465ee728b)
Start importing Assets/Prefabs/Bullet.prefab using Guid(b0ed2466aa6291d46803ea4e5e8e2c28) Importer(815301076,1909f56bfc062723c751e8b465ee728b)  -> (artifact id: '9ed90e3e4c8afb69cbba619772d4dcf9') in 0.016707 seconds
  Import took 0.022131 seconds .

========================================================================
Received Prepare
Registering precompiled user dll's ...
Registered in 0.000993 seconds.
Begin MonoManager ReloadAssembly
Native extension for WindowsStandalone target not found
Refreshing native plugins compatible for Editor in 0.45 ms, found 1 plugins.
Preloading 0 native plugins for Editor in 0.00 ms.
Invoked RoslynAnalysisRunner static constructor.
RoslynAnalysisRunner will not be running.
RoslynAnalysisRunner has terminated.
Mono: successfully reloaded assembly
- Completed reload, in  0.906 seconds
Platform modules already initialized, skipping
Refreshing native plugins compatible for Editor in 0.43 ms, found 1 plugins.
Preloading 0 native plugins for Editor in 0.00 ms.
Unloading 2101 Unused Serialized files (Serialized files now loaded: 0)
System memory in use before: 99.5 MB.
System memory in use after: 99.5 MB.

Unloading 12 unused Assets to reduce memory usage. Loaded Objects now: 2587.
Total: 3.271000 ms (FindLiveObjects: 0.483500 ms CreateObjectMapping: 0.329200 ms MarkObjects: 2.325200 ms  DeleteObjects: 0.130500 ms)

========================================================================
Received Prepare
Registering precompiled user dll's ...
Registered in 0.001011 seconds.
Begin MonoManager ReloadAssembly
Native extension for WindowsStandalone target not found
Refreshing native plugins compatible for Editor in 0.59 ms, found 1 plugins.
Preloading 0 native plugins for Editor in 0.00 ms.
Invoked RoslynAnalysisRunner static constructor.
RoslynAnalysisRunner will not be running.
RoslynAnalysisRunner has terminated.
Mono: successfully reloaded assembly
- Completed reload, in  0.920 seconds
Platform modules already initialized, skipping
Refreshing native plugins compatible for Editor in 0.44 ms, found 1 plugins.
Preloading 0 native plugins for Editor in 0.00 ms.
Unloading 2101 Unused Serialized files (Serialized files now loaded: 0)
System memory in use before: 99.5 MB.
System memory in use after: 99.5 MB.

Unloading 12 unused Assets to reduce memory usage. Loaded Objects now: 2591.
Total: 2.782000 ms (FindLiveObjects: 0.306400 ms CreateObjectMapping: 0.191600 ms MarkObjects: 2.146000 ms  DeleteObjects: 0.136300 ms)

========================================================================
Received Prepare
Registering precompiled user dll's ...
Registered in 0.000986 seconds.
Begin MonoManager ReloadAssembly
Native extension for WindowsStandalone target not found
Refreshing native plugins compatible for Editor in 0.42 ms, found 1 plugins.
Preloading 0 native plugins for Editor in 0.00 ms.
Invoked RoslynAnalysisRunner static constructor.
RoslynAnalysisRunner will not be running.
RoslynAnalysisRunner has terminated.
Mono: successfully reloaded assembly
- Completed reload, in  0.920 seconds
Platform modules already initialized, skipping
Refreshing native plugins compatible for Editor in 0.45 ms, found 1 plugins.
Preloading 0 native plugins for Editor in 0.00 ms.
Unloading 2101 Unused Serialized files (Serialized files now loaded: 0)
System memory in use before: 99.5 MB.
System memory in use after: 99.5 MB.

Unloading 12 unused Assets to reduce memory usage. Loaded Objects now: 2595.
Total: 2.939000 ms (FindLiveObjects: 0.282100 ms CreateObjectMapping: 0.167300 ms MarkObjects: 2.359700 ms  DeleteObjects: 0.128200 ms)

========================================================================
Received Import Request.
  Time since last request: 1190.767118 seconds.
  path: Assets/Prefabs/Bullet.prefab
  artifactKey: Guid(b0ed2466aa6291d46803ea4e5e8e2c28) Importer(815301076,1909f56bfc062723c751e8b465ee728b)
Start importing Assets/Prefabs/Bullet.prefab using Guid(b0ed2466aa6291d46803ea4e5e8e2c28) Importer(815301076,1909f56bfc062723c751e8b465ee728b)  -> (artifact id: '47f1fe48b4be4ae2f0f9e41142dd11fb') in 0.054913 seconds
  Import took 0.058842 seconds .

========================================================================
Received Import Request.
  Time since last request: 5.185864 seconds.
  path: Assets/Prefabs/Bullet.prefab
  artifactKey: Guid(b0ed2466aa6291d46803ea4e5e8e2c28) Importer(815301076,1909f56bfc062723c751e8b465ee728b)
Start importing Assets/Prefabs/Bullet.prefab using Guid(b0ed2466aa6291d46803ea4e5e8e2c28) Importer(815301076,1909f56bfc062723c751e8b465ee728b)  -> (artifact id: '640180ff2756e89173c783bd070d105f') in 0.009334 seconds
  Import took 0.014153 seconds .

========================================================================
Received Prepare
Registering precompiled user dll's ...
Registered in 0.001023 seconds.
Begin MonoManager ReloadAssembly
Native extension for WindowsStandalone target not found
Refreshing native plugins compatible for Editor in 0.41 ms, found 1 plugins.
Preloading 0 native plugins for Editor in 0.00 ms.
Invoked RoslynAnalysisRunner static constructor.
RoslynAnalysisRunner will not be running.
RoslynAnalysisRunner has terminated.
Mono: successfully reloaded assembly
- Completed reload, in  0.911 seconds
Platform modules already initialized, skipping
Refreshing native plugins compatible for Editor in 0.43 ms, found 1 plugins.
Preloading 0 native plugins for Editor in 0.00 ms.
Unloading 2101 Unused Serialized files (Serialized files now loaded: 0)
System memory in use before: 99.5 MB.
System memory in use after: 99.5 MB.

Unloading 12 unused Assets to reduce memory usage. Loaded Objects now: 2600.
Total: 2.552000 ms (FindLiveObjects: 0.255500 ms CreateObjectMapping: 0.148500 ms MarkObjects: 1.969200 ms  DeleteObjects: 0.177900 ms)

========================================================================
Received Prepare
Registering precompiled user dll's ...
Registered in 0.001015 seconds.
Begin MonoManager ReloadAssembly
Native extension for WindowsStandalone target not found
Refreshing native plugins compatible for Editor in 0.41 ms, found 1 plugins.
Preloading 0 native plugins for Editor in 0.00 ms.
Invoked RoslynAnalysisRunner static constructor.
RoslynAnalysisRunner will not be running.
RoslynAnalysisRunner has terminated.
Mono: successfully reloaded assembly
- Completed reload, in  0.878 seconds
Platform modules already initialized, skipping
Refreshing native plugins compatible for Editor in 0.47 ms, found 1 plugins.
Preloading 0 native plugins for Editor in 0.00 ms.
Unloading 2101 Unused Serialized files (Serialized files now loaded: 0)
System memory in use before: 99.6 MB.
System memory in use after: 99.5 MB.

Unloading 12 unused Assets to reduce memory usage. Loaded Objects now: 2604.
Total: 2.602600 ms (FindLiveObjects: 0.224900 ms CreateObjectMapping: 0.074800 ms MarkObjects: 2.165000 ms  DeleteObjects: 0.136800 ms)

========================================================================
Received Prepare
Registering precompiled user dll's ...
Registered in 0.001203 seconds.
Begin MonoManager ReloadAssembly
Native extension for WindowsStandalone target not found
Refreshing native plugins compatible for Editor in 0.73 ms, found 1 plugins.
Preloading 0 native plugins for Editor in 0.00 ms.
Invoked RoslynAnalysisRunner static constructor.
RoslynAnalysisRunner will not be running.
RoslynAnalysisRunner has terminated.
Mono: successfully reloaded assembly
- Completed reload, in  1.159 seconds
Platform modules already initialized, skipping
Refreshing native plugins compatible for Editor in 0.43 ms, found 1 plugins.
Preloading 0 native plugins for Editor in 0.00 ms.
Unloading 2101 Unused Serialized files (Serialized files now loaded: 0)
System memory in use before: 99.6 MB.
System memory in use after: 99.6 MB.

Unloading 12 unused Assets to reduce memory usage. Loaded Objects now: 2608.
Total: 3.115100 ms (FindLiveObjects: 0.401600 ms CreateObjectMapping: 0.208700 ms MarkObjects: 2.381200 ms  DeleteObjects: 0.122300 ms)

========================================================================
Received Prepare
Registering precompiled user dll's ...
Registered in 0.001092 seconds.
Begin MonoManager ReloadAssembly
Native extension for WindowsStandalone target not found
Refreshing native plugins compatible for Editor in 0.41 ms, found 1 plugins.
Preloading 0 native plugins for Editor in 0.00 ms.
Invoked RoslynAnalysisRunner static constructor.
RoslynAnalysisRunner will not be running.
RoslynAnalysisRunner has terminated.
Mono: successfully reloaded assembly
- Completed reload, in  0.959 seconds
Platform modules already initialized, skipping
Refreshing native plugins compatible for Editor in 0.43 ms, found 1 plugins.
Preloading 0 native plugins for Editor in 0.00 ms.
Unloading 2101 Unused Serialized files (Serialized files now loaded: 0)
System memory in use before: 99.6 MB.
System memory in use after: 99.6 MB.

Unloading 12 unused Assets to reduce memory usage. Loaded Objects now: 2612.
Total: 3.008400 ms (FindLiveObjects: 0.304700 ms CreateObjectMapping: 0.210300 ms MarkObjects: 2.357900 ms  DeleteObjects: 0.133800 ms)

========================================================================
Received Import Request.
  Time since last request: 9079.333989 seconds.
  path: ProjectSettings/TagManager.asset
  artifactKey: Guid(00000000000000003000000000000000) Importer(815301076,1909f56bfc062723c751e8b465ee728b)
Start importing ProjectSettings/TagManager.asset using Guid(00000000000000003000000000000000) Importer(815301076,1909f56bfc062723c751e8b465ee728b)  -> (artifact id: '0da5b9e5ed221351029a062e9a8af3cc') in 0.019780 seconds
  Import took 0.024686 seconds .

========================================================================
Received Import Request.
  Time since last request: 23.786761 seconds.
  path: ProjectSettings/TagManager.asset
  artifactKey: Guid(00000000000000003000000000000000) Importer(815301076,1909f56bfc062723c751e8b465ee728b)
Start importing ProjectSettings/TagManager.asset using Guid(00000000000000003000000000000000) Importer(815301076,1909f56bfc062723c751e8b465ee728b)  -> (artifact id: '0bf9358b12202bed402ccbaaf07728ee') in 0.003611 seconds
  Import took 0.007706 seconds .

========================================================================
Received Prepare
Registering precompiled user dll's ...
Registered in 0.001076 seconds.
Begin MonoManager ReloadAssembly
Native extension for WindowsStandalone target not found
Refreshing native plugins compatible for Editor in 0.49 ms, found 1 plugins.
Preloading 0 native plugins for Editor in 0.00 ms.
Invoked RoslynAnalysisRunner static constructor.
RoslynAnalysisRunner will not be running.
RoslynAnalysisRunner has terminated.
Mono: successfully reloaded assembly
- Completed reload, in  1.038 seconds
Platform modules already initialized, skipping
Refreshing native plugins compatible for Editor in 0.43 ms, found 1 plugins.
Preloading 0 native plugins for Editor in 0.00 ms.
Unloading 2101 Unused Serialized files (Serialized files now loaded: 0)
System memory in use before: 99.6 MB.
System memory in use after: 99.6 MB.

Unloading 14 unused Assets to reduce memory usage. Loaded Objects now: 2616.
Total: 2.915900 ms (FindLiveObjects: 0.286700 ms CreateObjectMapping: 0.172600 ms MarkObjects: 2.327900 ms  DeleteObjects: 0.127600 ms)

========================================================================
Received Prepare
Registering precompiled user dll's ...
Registered in 0.001028 seconds.
Begin MonoManager ReloadAssembly
Native extension for WindowsStandalone target not found
Refreshing native plugins compatible for Editor in 0.43 ms, found 1 plugins.
Preloading 0 native plugins for Editor in 0.00 ms.
Invoked RoslynAnalysisRunner static constructor.
RoslynAnalysisRunner will not be running.
RoslynAnalysisRunner has terminated.
Mono: successfully reloaded assembly
- Completed reload, in  0.941 seconds
Platform modules already initialized, skipping
Refreshing native plugins compatible for Editor in 0.44 ms, found 1 plugins.
Preloading 0 native plugins for Editor in 0.00 ms.
Unloading 2101 Unused Serialized files (Serialized files now loaded: 0)
System memory in use before: 99.6 MB.
System memory in use after: 99.6 MB.

Unloading 12 unused Assets to reduce memory usage. Loaded Objects now: 2620.
Total: 2.920000 ms (FindLiveObjects: 0.295000 ms CreateObjectMapping: 0.203000 ms MarkObjects: 2.272600 ms  DeleteObjects: 0.148100 ms)

========================================================================
Received Prepare
Registering precompiled user dll's ...
Registered in 0.001066 seconds.
Begin MonoManager ReloadAssembly
Native extension for WindowsStandalone target not found
Refreshing native plugins compatible for Editor in 0.44 ms, found 1 plugins.
Preloading 0 native plugins for Editor in 0.00 ms.
Invoked RoslynAnalysisRunner static constructor.
RoslynAnalysisRunner will not be running.
RoslynAnalysisRunner has terminated.
Mono: successfully reloaded assembly
- Completed reload, in  0.927 seconds
Platform modules already initialized, skipping
Refreshing native plugins compatible for Editor in 0.40 ms, found 1 plugins.
Preloading 0 native plugins for Editor in 0.00 ms.
Unloading 2101 Unused Serialized files (Serialized files now loaded: 0)
System memory in use before: 99.6 MB.
System memory in use after: 99.6 MB.

Unloading 12 unused Assets to reduce memory usage. Loaded Objects now: 2624.
Total: 3.651100 ms (FindLiveObjects: 0.450300 ms CreateObjectMapping: 0.235600 ms MarkObjects: 2.816100 ms  DeleteObjects: 0.146900 ms)

========================================================================
Received Prepare
Registering precompiled user dll's ...
Registered in 0.001075 seconds.
Begin MonoManager ReloadAssembly
Native extension for WindowsStandalone target not found
Refreshing native plugins compatible for Editor in 0.46 ms, found 1 plugins.
Preloading 0 native plugins for Editor in 0.00 ms.
Invoked RoslynAnalysisRunner static constructor.
RoslynAnalysisRunner will not be running.
RoslynAnalysisRunner has terminated.
Mono: successfully reloaded assembly
- Completed reload, in  0.970 seconds
Platform modules already initialized, skipping
Refreshing native plugins compatible for Editor in 0.43 ms, found 1 plugins.
Preloading 0 native plugins for Editor in 0.00 ms.
Unloading 2101 Unused Serialized files (Serialized files now loaded: 0)
System memory in use before: 99.6 MB.
System memory in use after: 99.6 MB.

Unloading 12 unused Assets to reduce memory usage. Loaded Objects now: 2628.
Total: 2.999600 ms (FindLiveObjects: 0.302600 ms CreateObjectMapping: 0.201100 ms MarkObjects: 2.337800 ms  DeleteObjects: 0.157000 ms)

AssetImportWorkerClient::OnTransportError - code=2 error=End of file
